<?xml version="1.0" encoding="UTF-8"?>
<!-- Generated by org.testng.reporters.JUnitXMLReporter -->
<testsuite hostname="PC-SunnyM" ignored="0" name="Default test" tests="4" failures="0" timestamp="2019-11-18T15:18:24 IST" time="62.851" errors="0">
  <testcase name="Location" time="18.47" classname="selenium4.selenium4features"/>
  <testcase name="openNewTab" time="15.043" classname="selenium4.selenium4features"/>
  <testcase name="openNewWindow" time="13.955" classname="selenium4.selenium4features"/>
  <testcase name="screenShootTest" time="15.352" classname="selenium4.selenium4features"/>
</testsuite> <!-- Default test -->
